0 info it worked if it ends with ok
1 verbose cli [ '/usr/local/bin/node', '/usr/local/bin/npm', 'run', 'gulp' ]
2 info using npm@2.14.2
3 info using node@v4.0.0
4 verbose run-script [ 'pregulp', 'gulp', 'postgulp' ]
5 info pregulp Angular2-Web-App@0.0.1
6 info gulp Angular2-Web-App@0.0.1
7 verbose unsafe-perm in lifecycle true
8 info Angular2-Web-App@0.0.1 Failed to exec gulp script
9 verbose stack Error: Angular2-Web-App@0.0.1 gulp: `tsc -target es5 -module commonjs gulpfile.ts && gulp`
9 verbose stack Exit status 2
9 verbose stack     at EventEmitter.<anonymous> (/usr/local/lib/node_modules/npm/lib/utils/lifecycle.js:214:16)
9 verbose stack     at emitTwo (events.js:87:13)
9 verbose stack     at EventEmitter.emit (events.js:172:7)
9 verbose stack     at ChildProcess.<anonymous> (/usr/local/lib/node_modules/npm/lib/utils/spawn.js:24:14)
9 verbose stack     at emitTwo (events.js:87:13)
9 verbose stack     at ChildProcess.emit (events.js:172:7)
9 verbose stack     at maybeClose (internal/child_process.js:817:16)
9 verbose stack     at Process.ChildProcess._handle.onexit (internal/child_process.js:211:5)
10 verbose pkgid Angular2-Web-App@0.0.1
11 verbose cwd /Users/ZiaKhan/learn-node-typescript/step19_angular2
12 error Darwin 14.5.0
13 error argv "/usr/local/bin/node" "/usr/local/bin/npm" "run" "gulp"
14 error node v4.0.0
15 error npm  v2.14.2
16 error code ELIFECYCLE
17 error Angular2-Web-App@0.0.1 gulp: `tsc -target es5 -module commonjs gulpfile.ts && gulp`
17 error Exit status 2
18 error Failed at the Angular2-Web-App@0.0.1 gulp script 'tsc -target es5 -module commonjs gulpfile.ts && gulp'.
18 error This is most likely a problem with the Angular2-Web-App package,
18 error not with npm itself.
18 error Tell the author that this fails on your system:
18 error     tsc -target es5 -module commonjs gulpfile.ts && gulp
18 error You can get their info via:
18 error     npm owner ls Angular2-Web-App
18 error There is likely additional logging output above.
19 verbose exit [ 1, true ]
